<?xml version="1.0" encoding="UTF-8"?>
<testsuite name="CalculatorTest" tests="1" skipped="0" failures="0" errors="0" timestamp="2020-01-22T18:43:15" hostname="thotsana-ThinkPad-P50" time="0.009">
  <properties/>
  <testcase name="add()" classname="CalculatorTest" time="0.009"/>
  <system-out><![CDATA[]]></system-out>
  <system-err><![CDATA[]]></system-err>
</testsuite>
